<?xml version="1.0" encoding="UTF-8"?>
<coverage generated="1787836844063" clover="3.2.0">
  <project timestamp="1787836844064" name="All files">
    <metrics statements="30" coveredstatements="30" conditionals="19" coveredconditionals="18" methods="7" coveredmethods="7" elements="56" coveredelements="55" complexity="0" loc="30" ncloc="30" packages="1" files="3" classes="3"/>
    <file name="approval-workflow.service.ts" path="D:\CEREBRO_PRODUCT_WORKTREES\p41-ai-governance\apps\p41-ai-governance\src\governance\services\approval-workflow.service.ts">
      <metrics statements="11" coveredstatements="11" conditionals="4" coveredconditionals="4" methods="3" coveredmethods="3"/>
      <line num="1" count="1" type="stmt"/>
      <line num="2" count="1" type="stmt"/>
      <line num="5" count="1" type="stmt"/>
      <line num="6" count="4" type="stmt"/>
      <line num="9" count="1" type="stmt"/>
      <line num="19" count="3" type="stmt"/>
      <line num="20" count="3" type="cond" truecount="2" falsecount="0"/>
      <line num="21" count="1" type="stmt"/>
      <line num="24" count="2" type="cond" truecount="2" falsecount="0"/>
      <line num="25" count="1" type="stmt"/>
      <line num="28" count="1" type="stmt"/>
    </file>
    <file name="policy.service.ts" path="D:\CEREBRO_PRODUCT_WORKTREES\p41-ai-governance\apps\p41-ai-governance\src\governance\services\policy.service.ts">
      <metrics statements="9" coveredstatements="9" conditionals="8" coveredconditionals="8" methods="1" coveredmethods="1"/>
      <line num="1" count="1" type="stmt"/>
      <line num="5" count="1" type="stmt"/>
      <line num="7" count="5" type="cond" truecount="2" falsecount="0"/>
      <line num="8" count="3" type="cond" truecount="4" falsecount="0"/>
      <line num="9" count="1" type="stmt"/>
      <line num="15" count="2" type="stmt"/>
      <line num="18" count="2" type="cond" truecount="2" falsecount="0"/>
      <line num="19" count="1" type="stmt"/>
      <line num="26" count="1" type="stmt"/>
    </file>
    <file name="provenance.service.ts" path="D:\CEREBRO_PRODUCT_WORKTREES\p41-ai-governance\apps\p41-ai-governance\src\governance\services\provenance.service.ts">
      <metrics statements="10" coveredstatements="10" conditionals="7" coveredconditionals="6" methods="3" coveredmethods="3"/>
      <line num="1" count="1" type="stmt"/>
      <line num="2" count="1" type="stmt"/>
      <line num="6" count="1" type="stmt"/>
      <line num="7" count="2" type="stmt"/>
      <line num="10" count="2" type="cond" truecount="5" falsecount="0"/>
      <line num="11" count="1" type="stmt"/>
      <line num="14" count="1" type="stmt"/>
      <line num="28" count="1" type="stmt"/>
      <line num="30" count="1" type="stmt"/>
      <line num="35" count="1" type="stmt"/>
    </file>
  </project>
</coverage>
