TN:
SF:src\governance\services\approval-workflow.service.ts
FN:6,(anonymous_2)
FN:8,(anonymous_3)
FN:18,(anonymous_4)
FNF:3
FNH:3
FNDA:4,(anonymous_2)
FNDA:1,(anonymous_3)
FNDA:3,(anonymous_4)
DA:1,1
DA:2,1
DA:5,1
DA:6,4
DA:9,1
DA:19,3
DA:20,3
DA:21,1
DA:24,2
DA:25,1
DA:28,1
LF:11
LH:11
BRDA:20,0,0,1
BRDA:20,0,1,2
BRDA:24,1,0,1
BRDA:24,1,1,1
BRF:4
BRH:4
end_of_record
TN:
SF:src\governance\services\policy.service.ts
FN:6,(anonymous_1)
FNF:1
FNH:1
FNDA:5,(anonymous_1)
DA:1,1
DA:5,1
DA:7,5
DA:8,3
DA:9,1
DA:15,2
DA:18,2
DA:19,1
DA:26,1
LF:9
LH:9
BRDA:7,0,0,3
BRDA:7,0,1,2
BRDA:8,1,0,1
BRDA:8,1,1,2
BRDA:8,2,0,3
BRDA:8,2,1,2
BRDA:18,3,0,1
BRDA:18,3,1,1
BRF:8
BRH:8
end_of_record
TN:
SF:src\governance\services\provenance.service.ts
FN:7,(anonymous_2)
FN:9,(anonymous_3)
FN:33,(anonymous_4)
FNF:3
FNH:3
FNDA:2,(anonymous_2)
FNDA:2,(anonymous_3)
FNDA:1,(anonymous_4)
DA:1,1
DA:2,1
DA:6,1
DA:7,2
DA:10,2
DA:11,1
DA:14,1
DA:28,1
DA:30,1
DA:35,1
LF:10
LH:10
BRDA:10,0,0,1
BRDA:10,0,1,1
BRDA:10,1,0,2
BRDA:10,1,1,2
BRDA:10,1,2,1
BRDA:19,2,0,1
BRDA:19,2,1,0
BRF:7
BRH:6
end_of_record
